<?xml version="1.0" encoding="UTF-8"?>
<!-- Generated by org.testng.reporters.JUnitReportReporter -->
<testsuite hostname="DESKTOP-TLETKQT" failures="0" tests="4" name="com.TestNG_Webportal.DataProviderDemoTest" time="0.016" errors="0" timestamp="2022-06-14T12:40:57 BDT" skipped="0">
  <testcase classname="com.TestNG_Webportal.DataProviderDemoTest" name="test" time="0.002"/>
  <system-out/>
  <testcase classname="com.TestNG_Webportal.DataProviderDemoTest" name="test" time="0.002"/>
  <system-out/>
  <testcase classname="com.TestNG_Webportal.DataProviderDemoTest" name="test" time="0.002"/>
  <system-out/>
  <testcase classname="com.TestNG_Webportal.DataProviderDemoTest" name="test" time="0.010"/>
  <system-out/>
</testsuite> <!-- com.TestNG_Webportal.DataProviderDemoTest -->
