<?xml version="1.0" encoding="UTF-8"?>
<!-- Generated by org.testng.reporters.JUnitReportReporter -->
<testsuite hostname="DESKTOP-TLETKQT" failures="0" tests="5" name="com.extent.Extent_Basics" time="0.081" errors="0" timestamp="2022-06-19T12:51:06 BDT" skipped="0">
  <testcase classname="com.extent.Extent_Basics" name="f2" time="0.003"/>
  <system-out/>
  <testcase classname="com.extent.Extent_Basics" name="f1" time="0.036"/>
  <system-out/>
  <testcase classname="com.extent.Extent_Basics" name="f5" time="0.010"/>
  <system-out/>
  <testcase classname="com.extent.Extent_Basics" name="f4" time="0.019"/>
  <system-out/>
  <testcase classname="com.extent.Extent_Basics" name="f3" time="0.013"/>
  <system-out/>
</testsuite> <!-- com.extent.Extent_Basics -->
