<?xml version="1.0" encoding="UTF-8"?>
<!-- Generated by org.testng.reporters.JUnitReportReporter -->
<testsuite hostname="DESKTOP-TLETKQT" failures="0" tests="5" name="com.extent.Extent_Basics" time="0.078" errors="0" timestamp="2022-06-20T11:39:57 BDT" skipped="0">
  <testcase classname="com.extent.Extent_Basics" name="f2" time="0.009"/>
  <system-out/>
  <testcase classname="com.extent.Extent_Basics" name="f1" time="0.036"/>
  <system-out/>
  <testcase classname="com.extent.Extent_Basics" name="f5" time="0.005"/>
  <system-out/>
  <testcase classname="com.extent.Extent_Basics" name="f4" time="0.007"/>
  <system-out/>
  <testcase classname="com.extent.Extent_Basics" name="f3" time="0.021"/>
  <system-out/>
</testsuite> <!-- com.extent.Extent_Basics -->
