<?xml version="1.0" encoding="UTF-8"?>
<!-- Generated by org.testng.reporters.JUnitReportReporter -->
<testsuite hostname="DESKTOP-TLETKQT" failures="0" tests="1" name="com.extent.Extent_ImikrofLogin" time="2.176" errors="0" timestamp="2022-06-20T15:06:45 BDT" skipped="0">
  <testcase classname="com.extent.Extent_ImikrofLogin" name="Validation" time="2.176"/>
  <system-out/>
</testsuite> <!-- com.extent.Extent_ImikrofLogin -->
