<?xml version="1.0" encoding="UTF-8"?>
<!-- Generated by org.testng.reporters.JUnitReportReporter -->
<testsuite hostname="DESKTOP-TLETKQT" failures="0" tests="2" name="com.TestNG_Webportal.GrpupsDemoTest" time="0.020" errors="0" timestamp="2022-06-13T14:40:58 BDT" skipped="0">
  <testcase classname="com.TestNG_Webportal.GrpupsDemoTest" name="bTest3" time="0.017"/>
  <system-out/>
  <testcase classname="com.TestNG_Webportal.GrpupsDemoTest" name="bTest4" time="0.003"/>
  <system-out/>
</testsuite> <!-- com.TestNG_Webportal.GrpupsDemoTest -->
