<?xml version="1.0" encoding="UTF-8"?>
<!-- Generated by org.testng.reporters.JUnitReportReporter -->
<testsuite hostname="DESKTOP-TLETKQT" failures="0" tests="2" name="com.webportal.GrpupsDemoTest" time="0.016" errors="0" timestamp="2022-06-13T12:19:38 BDT" skipped="0">
  <testcase classname="com.webportal.GrpupsDemoTest" name="bTest3" time="0.014"/>
  <system-out/>
  <testcase classname="com.webportal.GrpupsDemoTest" name="bTest4" time="0.002"/>
  <system-out/>
</testsuite> <!-- com.webportal.GrpupsDemoTest -->
