<?xml version="1.0" encoding="UTF-8"?>
<!-- Generated by org.testng.reporters.JUnitReportReporter -->
<testsuite hostname="DESKTOP-TLETKQT" failures="0" tests="1" name="com.extent.SearchTestCase" time="0.112" errors="0" timestamp="2022-06-18T16:15:07 BDT" skipped="0">
  <testcase classname="com.extent.SearchTestCase" name="TestCase_001" time="0.112"/>
  <system-out/>
</testsuite> <!-- com.extent.SearchTestCase -->
