<?xml version="1.0" encoding="UTF-8"?>
<!-- Generated by org.testng.reporters.JUnitReportReporter -->
<testsuite hostname="DESKTOP-TLETKQT" failures="0" tests="3" name="DataProvider.DP_LoginTest" time="3.158" errors="0" timestamp="2022-06-20T15:38:31 BDT" skipped="0">
  <testcase classname="DataProvider.DP_LoginTest" name="Validation" time="0.610"/>
  <system-out/>
  <testcase classname="DataProvider.DP_LoginTest" name="Validation" time="0.671"/>
  <system-out/>
  <testcase classname="DataProvider.DP_LoginTest" name="Validation" time="1.877"/>
  <system-out/>
</testsuite> <!-- DataProvider.DP_LoginTest -->
