<?xml version="1.0" encoding="UTF-8"?>
<!-- Generated by org.testng.reporters.JUnitReportReporter -->
<testsuite hostname="DESKTOP-TLETKQT" failures="0" tests="4" name="com.TestNG_Webportal.SkipDemoTest" time="0.024" errors="0" timestamp="2022-06-14T10:47:21 BDT" skipped="0">
  <testcase classname="com.TestNG_Webportal.SkipDemoTest" name="bTest3" time="0.015"/>
  <system-out/>
  <testcase classname="com.TestNG_Webportal.SkipDemoTest" name="bTest4" time="0.003"/>
  <system-out/>
  <testcase classname="com.TestNG_Webportal.SkipDemoTest" name="aTest1" time="0.002"/>
  <system-out/>
  <testcase classname="com.TestNG_Webportal.SkipDemoTest" name="bTest2" time="0.004"/>
  <system-out/>
</testsuite> <!-- com.TestNG_Webportal.SkipDemoTest -->
