<?xml version="1.0" encoding="UTF-8"?>
<!-- Generated by org.testng.reporters.JUnitReportReporter -->
<testsuite hostname="DESKTOP-TLETKQT" failures="0" tests="4" name="com.TestNG_Webportal.GrpupsDemoTest" time="0.040" errors="0" timestamp="2022-06-13T12:47:10 BDT" skipped="0">
  <testcase classname="com.TestNG_Webportal.GrpupsDemoTest" name="bTest3" time="0.032"/>
  <system-out/>
  <testcase classname="com.TestNG_Webportal.GrpupsDemoTest" name="bTest4" time="0.002"/>
  <system-out/>
  <testcase classname="com.TestNG_Webportal.GrpupsDemoTest" name="aTest1" time="0.004"/>
  <system-out/>
  <testcase classname="com.TestNG_Webportal.GrpupsDemoTest" name="bTest2" time="0.002"/>
  <system-out/>
</testsuite> <!-- com.TestNG_Webportal.GrpupsDemoTest -->
