<?xml version="1.0" encoding="UTF-8"?>
<!-- Generated by org.testng.reporters.JUnitReportReporter -->
<testsuite hostname="DESKTOP-TLETKQT" failures="0" tests="3" name="com.TestNG_Webportal.SkipDemoTest" time="0.018" errors="0" timestamp="2022-06-13T15:18:20 BDT" skipped="2">
  <testcase classname="com.TestNG_Webportal.SkipDemoTest" name="SkipTest2" time="0.015">
    <skipped/>
  </testcase> <!-- SkipTest2 -->
  <system-out/>
  <testcase classname="com.TestNG_Webportal.SkipDemoTest" name="SkipTest3" time="0.003"/>
  <system-out/>
  <testcase classname="com.TestNG_Webportal.SkipDemoTest" name="SkipTest1">
    <skipped/>
  </testcase> <!-- SkipTest1 -->
  <system-out/>
</testsuite> <!-- com.TestNG_Webportal.SkipDemoTest -->
