<?xml version="1.0" encoding="UTF-8"?>
<!-- Generated by org.testng.reporters.JUnitReportReporter -->
<testsuite hostname="DESKTOP-TLETKQT" failures="0" tests="2" name="com.testng.Before_AfterTestNG" time="0.016" errors="0" timestamp="2022-06-12T12:31:44 BDT" skipped="0">
  <testcase classname="com.testng.Before_AfterTestNG" name="LoginTest" time="0.012"/>
  <system-out/>
  <testcase classname="com.testng.Before_AfterTestNG" name="LogOutTest" time="0.004"/>
  <system-out/>
</testsuite> <!-- com.testng.Before_AfterTestNG -->
