<?xml version="1.0" encoding="UTF-8"?>
<!-- Generated by org.testng.reporters.JUnitReportReporter -->
<testsuite hostname="DESKTOP-TLETKQT" failures="0" tests="3" name="com.extent.SearchTestCase" time="0.059" errors="0" timestamp="2022-06-19T15:36:20 BDT" skipped="0">
  <testcase classname="com.extent.SearchTestCase" name="Extent_TC_003" time="0.003"/>
  <system-out/>
  <testcase classname="com.extent.SearchTestCase" name="Extent_TC_002" time="0.003"/>
  <system-out/>
  <testcase classname="com.extent.SearchTestCase" name="Extent_TC_001" time="0.053"/>
  <system-out/>
</testsuite> <!-- com.extent.SearchTestCase -->
