<?xml version="1.0" encoding="UTF-8"?>
<!-- Generated by org.testng.reporters.JUnitReportReporter -->
<testsuite hostname="DESKTOP-TLETKQT" failures="0" tests="3" name="com.testng.TestNGLogin" time="14.396" errors="0" timestamp="2022-06-11T15:31:09 BDT" skipped="0">
  <testcase classname="com.testng.TestNGLogin" name="NavigateToMyInfo" time="2.272"/>
  <system-out/>
  <testcase classname="com.testng.TestNGLogin" name="EnterLoginDetails" time="11.667"/>
  <system-out/>
  <testcase classname="com.testng.TestNGLogin" name="VarifyMyInfo" time="0.457"/>
  <system-out/>
</testsuite> <!-- com.testng.TestNGLogin -->
