<?xml version="1.0" encoding="UTF-8"?>
<!-- Generated by org.testng.reporters.JUnitReportReporter -->
<testsuite hostname="DESKTOP-TLETKQT" failures="0" tests="1" name="com.testng.LoginExtent" time="5.738" errors="0" timestamp="2022-06-15T15:27:37 BDT" skipped="0">
  <testcase classname="com.testng.LoginExtent" name="Valid_TestCase" time="5.738"/>
  <system-out/>
</testsuite> <!-- com.testng.LoginExtent -->
