<?xml version="1.0" encoding="UTF-8"?>
<!-- Generated by org.testng.reporters.JUnitReportReporter -->
<testsuite hostname="DESKTOP-TLETKQT" failures="0" tests="2" name="com.testng.PrirotyTestNG" time="0.022" errors="0" timestamp="2022-06-12T12:10:17 BDT" skipped="0">
  <testcase classname="com.testng.PrirotyTestNG" name="LoginTest" time="0.018"/>
  <system-out/>
  <testcase classname="com.testng.PrirotyTestNG" name="LogOutTest" time="0.004"/>
  <system-out/>
</testsuite> <!-- com.testng.PrirotyTestNG -->
