<?xml version="1.0" encoding="UTF-8"?>
<!-- Generated by org.testng.reporters.JUnitReportReporter -->
<testsuite hostname="DESKTOP-TLETKQT" failures="0" tests="4" name="com.TestNG_Webportal.GrpupsDemoTest2" time="0.015" errors="0" timestamp="2022-06-14T11:37:07 BDT" skipped="0">
  <testcase classname="com.TestNG_Webportal.GrpupsDemoTest2" name="bTest4" time="0.002"/>
  <system-out/>
  <testcase classname="com.TestNG_Webportal.GrpupsDemoTest2" name="bTest3" time="0.009"/>
  <system-out/>
  <testcase classname="com.TestNG_Webportal.GrpupsDemoTest2" name="aTest1" time="0.002"/>
  <system-out/>
  <testcase classname="com.TestNG_Webportal.GrpupsDemoTest2" name="bTest2" time="0.002"/>
  <system-out/>
</testsuite> <!-- com.TestNG_Webportal.GrpupsDemoTest2 -->
