<?xml version="1.0" encoding="UTF-8"?>
<!-- Generated by org.testng.reporters.JUnitReportReporter -->
<testsuite hostname="DESKTOP-TLETKQT" failures="0" tests="2" name="com.extent.Extent_ImikrofLogin" time="23.072" errors="0" timestamp="2022-06-20T14:35:23 BDT" skipped="0">
  <testcase classname="com.extent.Extent_ImikrofLogin" name="Validation" time="11.527"/>
  <system-out/>
  <testcase classname="com.extent.Extent_ImikrofLogin" name="Validation" time="11.545"/>
  <system-out/>
</testsuite> <!-- com.extent.Extent_ImikrofLogin -->
